<?xml version="1.0" encoding="UTF-8"?>
<testng-results skipped="0" failed="1" ignored="2" total="3" passed="0">
  <reporter-output>
  </reporter-output>
  <suite name="Default suite" duration-ms="29375" started-at="2019-09-21T20:12:32Z" finished-at="2019-09-21T20:13:01Z">
    <groups>
    </groups>
    <test name="Default test" duration-ms="29375" started-at="2019-09-21T20:12:32Z" finished-at="2019-09-21T20:13:01Z">
      <class name="com.selenium.greatcourses.tests.SmokeTests">
        <test-method status="PASS" signature="beforeAllTest()[pri:0, instance:com.selenium.greatcourses.tests.SmokeTests@185d8b6]" name="beforeAllTest" is-config="true" duration-ms="33" started-at="2019-09-21T20:12:32Z" finished-at="2019-09-21T20:12:32Z">
          <reporter-output>
          </reporter-output>
        </test-method> <!-- beforeAllTest -->
        <test-method status="PASS" signature="beforeEachTest()[pri:0, instance:com.selenium.greatcourses.tests.SmokeTests@185d8b6]" name="beforeEachTest" is-config="true" duration-ms="12158" started-at="2019-09-21T20:12:32Z" finished-at="2019-09-21T20:12:44Z">
          <reporter-output>
          </reporter-output>
        </test-method> <!-- beforeEachTest -->
        <test-method status="FAIL" signature="buy_TheAgingBrainCoursTest()[pri:0, instance:com.selenium.greatcourses.tests.SmokeTests@185d8b6]" name="buy_TheAgingBrainCoursTest" duration-ms="11972" started-at="2019-09-21T20:12:44Z" finished-at="2019-09-21T20:12:56Z">
          <exception class="java.lang.AssertionError">
            <message>
              <![CDATA[expected [Apple] but found [Online Courses & Lectures for Home Study and Lifelong Learning]]]>
            </message>
            <full-stacktrace>
              <![CDATA[java.lang.AssertionError: expected [Apple] but found [Online Courses & Lectures for Home Study and Lifelong Learning]
at org.testng.Assert.fail(Assert.java:96)
at org.testng.Assert.failNotEquals(Assert.java:776)
at org.testng.Assert.assertEqualsImpl(Assert.java:137)
at org.testng.Assert.assertEquals(Assert.java:118)
at org.testng.Assert.assertEquals(Assert.java:453)
at org.testng.Assert.assertEquals(Assert.java:463)
at com.selenium.greatcourses.pages.HomePage.goto_theGreatCourseWebsite(HomePage.java:26)
at com.selenium.greatcourses.tests.SmokeTests.checkingHomePageTest(SmokeTests.java:22)
at com.selenium.greatcourses.tests.SmokeTests.buy_TheAgingBrainCoursTest(SmokeTests.java:50)
at sun.reflect.NativeMethodAccessorImpl.invoke0(Native Method)
at sun.reflect.NativeMethodAccessorImpl.invoke(Unknown Source)
at sun.reflect.DelegatingMethodAccessorImpl.invoke(Unknown Source)
at java.lang.reflect.Method.invoke(Unknown Source)
at org.testng.internal.MethodInvocationHelper.invokeMethod(MethodInvocationHelper.java:124)
at org.testng.internal.Invoker.invokeMethod(Invoker.java:583)
at org.testng.internal.Invoker.invokeTestMethod(Invoker.java:719)
at org.testng.internal.Invoker.invokeTestMethods(Invoker.java:989)
at org.testng.internal.TestMethodWorker.invokeTestMethods(TestMethodWorker.java:125)
at org.testng.internal.TestMethodWorker.run(TestMethodWorker.java:109)
at org.testng.TestRunner.privateRun(TestRunner.java:648)
at org.testng.TestRunner.run(TestRunner.java:505)
at org.testng.SuiteRunner.runTest(SuiteRunner.java:455)
at org.testng.SuiteRunner.runSequentially(SuiteRunner.java:450)
at org.testng.SuiteRunner.privateRun(SuiteRunner.java:415)
at org.testng.SuiteRunner.run(SuiteRunner.java:364)
at org.testng.SuiteRunnerWorker.runSuite(SuiteRunnerWorker.java:52)
at org.testng.SuiteRunnerWorker.run(SuiteRunnerWorker.java:84)
at org.testng.TestNG.runSuitesSequentially(TestNG.java:1208)
at org.testng.TestNG.runSuitesLocally(TestNG.java:1137)
at org.testng.TestNG.runSuites(TestNG.java:1049)
at org.testng.TestNG.run(TestNG.java:1017)
at org.testng.remote.AbstractRemoteTestNG.run(AbstractRemoteTestNG.java:132)
at org.testng.remote.RemoteTestNG.initAndRun(RemoteTestNG.java:230)
at org.testng.remote.RemoteTestNG.main(RemoteTestNG.java:76)
]]>
            </full-stacktrace>
          </exception> <!-- java.lang.AssertionError -->
          <reporter-output>
          </reporter-output>
        </test-method> <!-- buy_TheAgingBrainCoursTest -->
        <test-method status="PASS" signature="afterEachTest(org.testng.ITestResult)[pri:0, instance:com.selenium.greatcourses.tests.SmokeTests@185d8b6]" name="afterEachTest" is-config="true" duration-ms="517" started-at="2019-09-21T20:12:56Z" finished-at="2019-09-21T20:12:56Z">
          <params>
            <param index="0">
              <value>
                <![CDATA[[TestResult name=buy_TheAgingBrainCoursTest status=FAILURE method=SmokeTests.buy_TheAgingBrainCoursTest()[pri:0, instance:com.selenium.greatcourses.tests.SmokeTests@185d8b6] output={null}]]]>
              </value>
            </param>
          </params>
          <reporter-output>
          </reporter-output>
        </test-method> <!-- afterEachTest -->
        <test-method status="PASS" signature="afterAllTest()[pri:0, instance:com.selenium.greatcourses.tests.SmokeTests@185d8b6]" name="afterAllTest" is-config="true" duration-ms="4661" started-at="2019-09-21T20:12:56Z" finished-at="2019-09-21T20:13:01Z">
          <reporter-output>
          </reporter-output>
        </test-method> <!-- afterAllTest -->
      </class> <!-- com.selenium.greatcourses.tests.SmokeTests -->
    </test> <!-- Default test -->
  </suite> <!-- Default suite -->
</testng-results>
